[08:53:43] [Client thread/INFO]: Setting user: Player630
[08:53:43] [Client thread/INFO]: (Session ID is token:FML:Player630)
[08:53:45] [Client thread/INFO]: LWJGL Version: 2.9.1
[08:53:50] [Client thread/INFO]: Reloading ResourceManager: Default, FMLFileResourcePack:Forge Mod Loader, FMLFileResourcePack:Test Mod 01, FMLFileResourcePack:Ore Detect Mod, FMLFileResourcePack:Shelves Mod
[08:53:50] [Sound Library Loader/INFO]: Starting up SoundSystem...
[08:53:50] [Thread-7/INFO]: Initializing LWJGL OpenAL
[08:53:50] [Thread-7/INFO]: (The LWJGL binding of OpenAL.  For more information, see http://www.lwjgl.org)
[08:53:51] [Thread-7/INFO]: OpenAL initialized.
[08:53:51] [Sound Library Loader/INFO]: Sound engine started
[08:53:53] [Client thread/INFO]: Created: 512x512 textures-atlas
[08:53:54] [Client thread/INFO]: Reloading ResourceManager: Default, FMLFileResourcePack:Forge Mod Loader, FMLFileResourcePack:Test Mod 01, FMLFileResourcePack:Ore Detect Mod, FMLFileResourcePack:Shelves Mod
[08:53:54] [Client thread/INFO]: SoundSystem shutting down...
[08:53:55] [Client thread/WARN]: Author: Paul Lamb, www.paulscode.com
[08:53:55] [Sound Library Loader/INFO]: Starting up SoundSystem...
[08:53:55] [Thread-9/INFO]: Initializing LWJGL OpenAL
[08:53:55] [Thread-9/INFO]: (The LWJGL binding of OpenAL.  For more information, see http://www.lwjgl.org)
[08:54:01] [Thread-9/INFO]: OpenAL initialized.
[08:54:01] [Sound Library Loader/INFO]: Sound engine started
[08:54:03] [Client thread/INFO]: Created: 512x512 textures-atlas
[08:54:17] [Server thread/INFO]: Starting integrated minecraft server version 1.8
[08:54:17] [Server thread/INFO]: Generating keypair
[08:54:17] [Server thread/INFO]: Preparing start region for level 0
[08:54:18] [Server thread/INFO]: Preparing spawn area: 56%
[08:54:19] [Server thread/INFO]: Changing view distance to 8, from 10
[08:54:19] [Server thread/INFO]: Player630[local:E:764164a6] logged in with entity id 27 at (228.23750001192093, 65.0, -206.2593376194127)
[08:54:19] [Server thread/INFO]: Player630 joined the game
[08:56:33] [Server thread/INFO]: Saving and pausing game...
[08:56:33] [Server thread/INFO]: Saving chunks for level 'Survival'/Overworld
[08:56:33] [Server thread/INFO]: Saving chunks for level 'Survival'/Nether
[08:56:33] [Server thread/INFO]: Saving chunks for level 'Survival'/The End
